2022-06-28T11:43:32.721Z - log: [Package] menu@1.0.0 enable
2022-06-28T11:43:32.725Z - log: [Package] profile@1.0.0 enable
2022-06-28T11:43:32.738Z - log: [Package] project@1.0.2 enable
2022-06-28T11:43:32.744Z - log: [Package] messages@1.0.0 enable
2022-06-28T11:43:32.749Z - log: [Package] program@1.0.0 enable
2022-06-28T11:43:32.757Z - log: [Package] tester@1.0.0 enable
2022-06-28T11:43:32.763Z - log: [Package] preferences@1.0.0 enable
2022-06-28T11:43:33.604Z - log: Setup mods mgr.: 340.871ms
2022-06-28T11:43:33.606Z - log: Profile changed: engine (modules.includeModules: 2d,animation,audio,base,dragon-bones,gfx-webgl,gfx-webgl2,intersection-2d,marionette,particle-2d,physics-2d-box2d,profiler,skeletal-animation,spine,tiled-map,tween,ui,video,webview)
2022-06-28T11:43:33.616Z - verbose: [Engine] QuickCompile engine (780ms)
2022-06-28T11:43:33.620Z - log: [Package] engine@1.0.6 enable
2022-06-28T11:43:34.528Z - log: [Package] programming@1.0.0 enable
2022-06-28T11:43:34.838Z - log: [Package] device@1.0.1 enable
2022-06-28T11:43:34.868Z - log: [Package] ui-kit@1.0.1 enable
2022-06-28T11:43:34.894Z - log: [Package] engine-extends@1.0.0 enable
2022-06-28T11:43:34.963Z - log: [Package] asset-db@1.0.0 enable
2022-06-28T11:43:35.005Z - log: [Package] scene@1.0.0 enable
2022-06-28T11:43:35.241Z - log: [Package] server@1.0.0 enable
2022-06-28T11:43:35.281Z - log: [Package] utils@1.0.0 enable
2022-06-28T11:43:39.937Z - log: [Package] preview@1.0.1 enable
2022-06-28T11:43:39.971Z - log: [Package] animator@1.0.0 enable
2022-06-28T11:43:40.937Z - log: [Package] builder@1.3.2 enable
2022-06-28T11:43:40.973Z - log: [Package] shortcuts@1.0.1 enable
2022-06-28T11:43:41.007Z - log: [Package] animation-graph@1.0.0 enable
2022-06-28T11:43:41.031Z - log: [Package] runtime-dev-tools@1.0.0 enable
2022-06-28T11:43:41.057Z - log: [Package] channel-upload-tools@1.0.0 enable
2022-06-28T11:43:41.093Z - log: [Package] about@1.0.0 enable
2022-06-28T11:43:41.127Z - log: [Package] assets@1.0.0 enable
2022-06-28T11:43:41.163Z - log: [Package] console@1.0.0 enable
2022-06-28T11:43:41.405Z - log: [Package] extension@3.0.16 enable
2022-06-28T11:43:41.440Z - log: [Package] hierarchy@1.0.0 enable
2022-06-28T11:43:41.476Z - log: [Package] inspector@1.0.0 enable
2022-06-28T11:43:41.512Z - log: [Package] lightmap@1.0.4 enable
2022-06-28T11:43:41.556Z - log: [Package] node-library@1.0.1 enable
2022-06-28T11:43:41.581Z - log: [Package] package-asset@1.0.0 enable
2022-06-28T11:43:41.619Z - log: [Package] process@1.0.0 enable
2022-06-28T11:43:41.652Z - log: [Package] reference-image@1.0.0 enable
2022-06-28T11:43:41.674Z - log: [Package] alipay-mini-game@1.0.0 enable
2022-06-28T11:43:41.702Z - log: [Package] android@1.0.0 enable
2022-06-28T11:43:41.730Z - log: [Package] baidu-mini-game@1.0.0 enable
2022-06-28T11:43:41.757Z - log: [Package] bytedance-mini-game@1.0.1 enable
2022-06-28T11:43:41.781Z - log: [Package] cocos-play@1.0.0 enable
2022-06-28T11:43:41.809Z - log: [Package] huawei-agc@1.0.0 enable
2022-06-28T11:43:41.834Z - log: [Package] huawei-quick-game@1.0.0 enable
2022-06-28T11:43:41.950Z - log: [Package] ios@1.0.0 enable
2022-06-28T11:43:41.975Z - log: [Package] ios-app-clip@1.0.0 enable
2022-06-28T11:43:42.002Z - log: [Package] link-sure@1.0.0 enable
2022-06-28T11:43:42.028Z - verbose: [AssetDB] Require engine code (1322ms)
2022-06-28T11:43:42.029Z - log: [Package] linux@1.0.0 enable
2022-06-28T11:43:42.056Z - log: [Package] mac@1.0.0 enable
2022-06-28T11:43:42.182Z - log: [Package] native@1.0.0 enable
2022-06-28T11:43:42.211Z - log: [Package] ohos@1.0.0 enable
2022-06-28T11:43:42.238Z - log: [Package] open-harmonyos@1.0.0 enable
2022-06-28T11:43:42.263Z - log: [Package] oppo-mini-game@1.0.0 enable
2022-06-28T11:43:42.291Z - log: [Package] qtt@1.0.0 enable
2022-06-28T11:43:42.322Z - log: [Package] vivo-mini-game@1.0.0 enable
2022-06-28T11:43:42.368Z - log: [Package] web-desktop@1.0.0 enable
2022-06-28T11:43:42.408Z - log: [Package] web-mobile@1.0.0 enable
2022-06-28T11:43:42.451Z - log: [Package] wechatgame@1.0.1 enable
2022-06-28T11:43:42.476Z - log: [Package] windows@1.0.0 enable
2022-06-28T11:43:42.506Z - log: [Package] xiaomi-quick-game@1.0.0 enable
2022-06-28T11:43:42.801Z - log: [Package] cocos-service@3.0.3 enable
2022-06-28T11:43:42.843Z - log: [Package] importer@1.0.0 enable
2022-06-28T11:43:43.226Z - log: [Im-plugin] Check im-plugin version.
2022-06-28T11:43:43.241Z - log: [Package] im-plugin@3.0.8 enable
2022-06-28T11:43:43.261Z - log: [Package] hot-update@0.0.2 enable
2022-06-28T11:43:43.284Z - log: [Package] hot-update-local-ip@0.0.2 enable
2022-06-28T11:43:43.324Z - log: [Package] protobuf-creator@1.2.1 enable
2022-06-28T11:43:43.925Z - log: [Im-plugin] No online info of im-plugin.
2022-06-28T11:43:52.167Z - error: [Preview]load http://localhost:7456/plugins/assets/plugin/protobuf.min.js failed
2022-06-28T11:43:52.180Z - error: [Preview]Error loading /plugins/assets/plugin/protobuf.min.js
2022-06-28T11:43:52.182Z - error: [Preview]Error: Error loading /plugins/assets/plugin/protobuf.min.js
    at HTMLScriptElement.<anonymous> (http://localhost:7456/preview-app/main.js:1:2971)
2022-06-28T11:43:52.183Z - error: [Preview]Error loading /plugins/assets/plugin/protobuf.min.js
2022-06-28T11:43:52.184Z - error: [Preview]Error: Error loading /plugins/assets/plugin/protobuf.min.js
    at HTMLScriptElement.<anonymous> (http://localhost:7456/preview-app/main.js:1:2971)
2022-06-28T11:43:56.298Z - verbose: [Scene] Require engine code (1ms)
2022-06-28T11:43:56.300Z - verbose: [Scene] Startup engine (0ms)
2022-06-28T11:43:56.339Z - log: [Scene] Cocos Creator v3.5.1
2022-06-28T11:43:56.663Z - verbose: [Scene] Open engine (364ms)
2022-06-28T11:43:56.664Z - verbose: [Scene] Configure engine (0ms)
2022-06-28T11:43:56.451Z - info: [Scene] Forward render pipeline initialized.
2022-06-28T11:45:20.678Z - warn: [Window] (electron) The remote module is deprecated. Use https://github.com/electron/remote instead.
2022-06-28T11:45:32.269Z - log: [Window] 执行完成
