6-27-2022 20:54-debug: =================================== Build Task (android) Start ================================
6-27-2022 20:54-debug: Start build task, options:{"name":"SY","platform":"android","buildPath":"project://build","debug":false,"md5Cache":false,"skipCompressTexture":false,"sourceMaps":false,"replaceSplashScreen":false,"mainBundleCompressionType":"merge_dep","mainBundleIsRemote":false,"mergeStartScene":false,"experimentalEraseModules":false,"compressTexture":true,"packAutoAtlas":true,"startScene":"72b6b67a-8025-4f0e-8fb0-5b454d58bd94","scenes":[{"url":"db://assets/scene/start.scene","uuid":"72b6b67a-8025-4f0e-8fb0-5b454d58bd94","inBundle":false}],"outputName":"android","packages":{"android":{"packageName":"SY.TEXAS.COM","orientation":{"portrait":false,"upsideDown":false,"landscapeRight":true,"landscapeLeft":true},"apiLevel":"android-33","appABIs":["arm64-v8a"],"useDebugKeystore":true,"keystorePath":"","keystorePassword":"","keystoreAlias":"","keystoreAliasPassword":"","appBundle":false,"androidInstant":false,"remoteUrl":"","sdkPath":"","ndkPath":"","renderBackEnd":{"vulkan":false,"gles3":true,"gles2":true},"swappy":false},"cocos-service":{"configID":"437b18","services":[]},"hot-update":null,"hot-update-local-ip":null,"native":{"polyfills":{"asyncFunctions":true},"encrypted":false,"xxteaKey":"c2vbh8J7RGCLNKrj","compressZip":false,"makeAfterBuild":false,"JobSystem":"none"}}}
6-27-2022 20:54-debug: Process: heapTotal 237.75MB heapUsed 212.06MB rss 580.64MB
6-27-2022 20:54-debug: cocos-service:(onBeforeBuild) start...0%
6-27-2022 20:54-debug: // ---- cocos-service:(onBeforeBuild) ----
6-27-2022 20:54-debug: Build with Cocos Creator 3.5.1
6-27-2022 20:54-debug: // ---- cocos-service:(onBeforeBuild) success ----
6-27-2022 20:54-debug: cocos-service:(onBeforeBuild)3%
6-27-2022 20:54-debug: Query all assets info in project
6-27-2022 20:54-debug: init custom config: keepNodeUuid: false, useCache: true
6-27-2022 20:54-debug: BuildAssetLibrary query-assets with assets 290
6-27-2022 20:54-debug:   Number of all scripts: 10
6-27-2022 20:54-debug: native:(onAfterInit) start...3%
6-27-2022 20:54-debug: // ---- native:(onAfterInit) ----
6-27-2022 20:54-debug: Process: heapTotal 237.98MB heapUsed 213.29MB rss 580.69MB
6-27-2022 20:54-debug:   Number of other assets: 333
6-27-2022 20:54-debug: BuildAssetLibrary initialized with asset 373!
6-27-2022 20:54-debug:   Number of all scenes: 1
6-27-2022 20:54-debug: Native engine root:/Applications/CocosCreator/Creator/3.5.1/CocosCreator.app/Contents/Resources/resources/3d/engine/native
6-27-2022 20:54-debug: // ---- native:(onAfterInit) success ----
6-27-2022 20:54-debug: native:(onAfterInit)5%
6-27-2022 20:54-debug: android:(onAfterInit) start...5%
6-27-2022 20:54-debug: // ---- android:(onAfterInit) ----
6-27-2022 20:54-debug: Process: heapTotal 247.51MB heapUsed 227.04MB rss 594.79MB
6-27-2022 20:54-debug: // ---- android:(onAfterInit) success ----
6-27-2022 20:54-debug: android:(onAfterInit)8%
6-27-2022 20:54-debug: reload all scripts.
6-27-2022 20:54-log: // ---- 加载刷新项目脚本 ----
6-27-2022 20:54-debug: Process: heapTotal 247.51MB heapUsed 222.57MB rss 594.79MB
6-27-2022 20:54-debug: 加载刷新项目脚本 start8%
6-27-2022 20:54-debug: Loading plugin script db://assets/plugin/protobuf.min.js
6-27-2022 20:54-debug: Incremental keys: protobuf
6-27-2022 20:54-debug: Set detail map pack:///resolution-detail-map.json: {}
6-27-2022 20:54-debug: [[Executor]] Module "cce:/internal/x/cc-fu/base" loaded.
6-27-2022 20:54-debug: [[Executor]] Module "cce:/internal/x/cc-fu/animation" loaded.
6-27-2022 20:54-debug: [[Executor]] Module "cce:/internal/x/cc-fu/skeletal-animation" loaded.
6-27-2022 20:54-debug: [[Executor]] Module "cce:/internal/x/cc-fu/2d" loaded.
6-27-2022 20:54-debug: [[Executor]] Module "cce:/internal/x/cc-fu/ui" loaded.
6-27-2022 20:54-debug: [[Executor]] Module "cce:/internal/x/cc-fu/particle" loaded.
6-27-2022 20:54-debug: [[Executor]] Module "cce:/internal/x/cc-fu/particle-2d" loaded.
6-27-2022 20:54-debug: [[Executor]] Module "cce:/internal/x/cc-fu/physics-framework" loaded.
6-27-2022 20:54-debug: [[Executor]] Module "cce:/internal/x/cc-fu/physics-2d-framework" loaded.
6-27-2022 20:54-debug: [[Executor]] Module "cce:/internal/x/cc-fu/intersection-2d" loaded.
6-27-2022 20:54-debug: [[Executor]] Module "cce:/internal/x/cc-fu/primitive" loaded.
6-27-2022 20:54-debug: [[Executor]] Module "cce:/internal/x/cc-fu/profiler" loaded.
6-27-2022 20:54-debug: [[Executor]] Module "cce:/internal/x/cc-fu/gfx-webgl" loaded.
6-27-2022 20:54-debug: [[Executor]] Module "cce:/internal/x/cc-fu/video" loaded.
6-27-2022 20:54-debug: [[Executor]] Module "cce:/internal/x/cc-fu/terrain" loaded.
6-27-2022 20:54-debug: [[Executor]] Module "cce:/internal/x/cc-fu/webview" loaded.
6-27-2022 20:54-debug: [[Executor]] Module "cce:/internal/x/cc-fu/tween" loaded.
6-27-2022 20:54-debug: [[Executor]] Module "cce:/internal/x/cc-fu/tiled-map" loaded.
6-27-2022 20:54-debug: [[Executor]] Module "cce:/internal/x/cc-fu/spine" loaded.
6-27-2022 20:54-debug: [[Executor]] Module "cce:/internal/x/cc-fu/dragon-bones" loaded.
6-27-2022 20:54-debug: [[Executor]] Module "cce:/internal/x/cc-fu/3d" loaded.
6-27-2022 20:54-debug: Invalidating 'pack:///chunks/06/06905a76530cf57ee019d9d8bcfb507c2d037fd3.js'
6-27-2022 20:54-debug: [[Executor]] Module "cce:/internal/x/cc-fu/gfx-webgl2" loaded.
6-27-2022 20:54-debug: [[Executor]] Module "pack:///chunks/06/06905a76530cf57ee019d9d8bcfb507c2d037fd3.js" loaded.
6-27-2022 20:54-debug: [[Executor]] Module "cce:/internal/x/cc-fu/audio" loaded.
6-27-2022 20:54-debug: [[Executor]] Module "pack:///chunks/74/7445ff4758084772bd924d4fde9f2179dae8a9aa.js" loaded.
6-27-2022 20:54-debug: [[Executor]] Module "pack:///chunks/84/84741ad843cea9a440c5d8c2d379669b6551400d.js" loaded.
6-27-2022 20:54-debug: [[Executor]] Module "pack:///chunks/5d/5d6edb63c95512b9351b1539b146578dcb49e89b.js" loaded.
6-27-2022 20:54-debug: [[Executor]] Module "pack:///chunks/5c/5c1ccc9cf203ec33cdc7285b6628314446ed98c6.js" loaded.
6-27-2022 20:54-debug: [[Executor]] Module "pack:///chunks/ab/abc75ca740f53b81a7f651764ba93a070b074718.js" loaded.
6-27-2022 20:54-debug: [[Executor]] Module "pack:///chunks/ac/ac08550881949b112794df8f05699288f64e2bfa.js" loaded.
6-27-2022 20:54-debug: [[Executor]] Module "pack:///chunks/06/06905a76530cf57ee019d9d8bcfb507c2d037fd3.js" loaded.
6-27-2022 20:54-debug: [[Executor]] Register HotUpdate
6-27-2022 20:54-debug: [[Executor]] Register Start
6-27-2022 20:54-debug: [[Executor]] Module "pack:///chunks/31/311b3951fe5da11760ca81582d213cfdc1f515e0.js" loaded.
6-27-2022 20:54-debug: [[Executor]] Module "pack:///chunks/6a/6a341c5b90ab83a36c869c75679cf2d0f243e10b.js" loaded.
6-27-2022 20:54-debug: [[Executor]] Module "pack:///chunks/7b/7be258de55085e0428b7985bab956a942642b80c.js" loaded.
6-27-2022 20:54-debug: [[Executor]] Module "pack:///chunks/88/8847b4d83130b313075aa03e2e61671f1ac47033.js" loaded.
6-27-2022 20:54-debug: [[Executor]] Module "pack:///chunks/7d/7d20f5a12f245c97b8eb80baf7ceb151c568de62.js" loaded.
6-27-2022 20:54-debug: [[Executor]] Module "pack:///chunks/a9/a9864c68649b97789bb4e4b34c039f5d01e6e47b.js" loaded.
6-27-2022 20:54-debug: [[Executor]] Module "pack:///chunks/1d/1d546d959c58843c4ec4f281fef402e8289027be.js" loaded.
6-27-2022 20:54-log: // ---- 查询 Asset Bundle ----
6-27-2022 20:54-debug: Process: heapTotal 247.51MB heapUsed 224.53MB rss 594.93MB
6-27-2022 20:54-debug: 查询 Asset Bundle start9%
6-27-2022 20:54-debug: [[Executor]] Module "pack:///chunks/74/7445ff4758084772bd924d4fde9f2179dae8a9aa.js" loaded.
6-27-2022 20:54-debug: 加载刷新项目脚本 √9%
6-27-2022 20:54-debug: 查询 Asset Bundle √10%
6-27-2022 20:54-debug: 查询使用的资源以及资源包配置 start10%
6-27-2022 20:54-log: // ---- 查询使用的资源以及资源包配置 ----
6-27-2022 20:54-debug: Process: heapTotal 247.51MB heapUsed 224.58MB rss 595.18MB
6-27-2022 20:54-debug: Query preload assets from cc.config.json: 
6-27-2022 20:54-debug: Number of scenes: 1
6-27-2022 20:54-debug: Number of assets: 5
6-27-2022 20:54-debug: Number of asset bundle: 3
6-27-2022 20:54-debug: 查询使用的资源以及资源包配置 √11%
6-27-2022 20:54-log: // ---- 整理脚本分组与脚本数据 ----
6-27-2022 20:54-debug: 整理脚本分组与脚本数据 start11%
6-27-2022 20:54-debug: Process: heapTotal 247.51MB heapUsed 224.97MB rss 595.20MB
6-27-2022 20:54-debug: sort script group...
6-27-2022 20:54-debug: 整理脚本分组与脚本数据 √13%
6-27-2022 20:54-debug: 整理纹理压缩任务 start13%
6-27-2022 20:54-log: // ---- 整理纹理压缩任务 ----
6-27-2022 20:54-debug: Process: heapTotal 247.51MB heapUsed 224.99MB rss 595.20MB
6-27-2022 20:54-debug: Number of image-compress task: 0
6-27-2022 20:54-debug: 整理纹理压缩任务 √14%
6-27-2022 20:54-debug: builder.tasks.sort_json 字段未在编辑器多语言内定义
6-27-2022 20:54-debug: builder.tasks.sort_json start14%
6-27-2022 20:54-log: // ---- builder.tasks.sort_json ----
6-27-2022 20:54-debug: Process: heapTotal 247.51MB heapUsed 225.01MB rss 595.20MB
6-27-2022 20:54-debug: Number of json group: 1
6-27-2022 20:54-debug: builder.tasks.sort_json √15%
6-27-2022 20:54-debug: 整理合并压缩 Texture2D 的 JSON 数据 start15%
6-27-2022 20:54-log: // ---- 整理合并压缩 Texture2D 的 JSON 数据 ----
6-27-2022 20:54-debug: Process: heapTotal 247.51MB heapUsed 225.03MB rss 595.20MB
6-27-2022 20:54-debug: 整理合并压缩 Texture2D 的 JSON 数据 √16%
6-27-2022 20:54-debug:  start16%
6-27-2022 20:54-log: // ----  ----
6-27-2022 20:54-debug: Process: heapTotal 247.51MB heapUsed 225.04MB rss 595.20MB
6-27-2022 20:54-debug:  √18%
6-27-2022 20:54-debug: native:(onBeforeBuildAssets) start...18%
6-27-2022 20:54-debug: // ---- native:(onBeforeBuildAssets) ----
6-27-2022 20:54-debug: Process: heapTotal 247.51MB heapUsed 225.06MB rss 595.20MB
6-27-2022 20:54-debug: // ---- native:(onBeforeBuildAssets) success ----
6-27-2022 20:54-debug: native:(onBeforeBuildAssets)20%
6-27-2022 20:54-debug:  start20%
6-27-2022 20:54-log: // ----  ----
6-27-2022 20:54-debug: Process: heapTotal 247.51MB heapUsed 225.09MB rss 595.20MB
6-27-2022 20:54-debug: Caught exception during build core-js: WebpackOptionsValidationError: Invalid configuration object. Webpack has been initialised using a configuration object that does not match the API schema.
 - configuration.entry should be an non-empty array.
   -> A non-empty array of non-empty strings
This may indicates the core-js polyfill is not necessary. See https://github.com/zloirock/core-js/issues/822
6-27-2022 20:54-debug: 打包脚本20%
6-27-2022 20:54-debug: Process: heapTotal 252.91MB heapUsed 229.72MB rss 601.47MB
6-27-2022 20:54-debug: Create cjs interop url for 'file:///Users/yamiwang/cowboy/assets/plugin/protobufcowboy.js'
6-27-2022 20:54-debug: Create cjs interop url for 'file:///Users/yamiwang/cowboy/assets/plugin/protobufcowboy.js'
6-27-2022 20:54-warn: Unexpected: entry chunk name protobufcowboy.mjs_cjs=&original= is not in list.
6-27-2022 20:54-debug: Copy externalScripts success!
6-27-2022 20:54-debug: 构建引擎20%
6-27-2022 20:54-debug: Process: heapTotal 277.50MB heapUsed 216.15MB rss 624.88MB
6-27-2022 20:54-debug: 打包脚本√20%
6-27-2022 20:54-debug: Use cache engine: {link(/var/folders/6b/lsrvj3j56xz3rgdsd_jqbcyr0000gn/T/CocosCreator/3.5.1/builder/engine/2e78a8a5405fa142f6518ed11d674a41)}
6-27-2022 20:54-debug: {"debug":false,"sourceMaps":false,"includeModules":["2d","animation","audio","base","dragon-bones","gfx-webgl","gfx-webgl2","intersection-2d","marionette","particle-2d","physics-2d-box2d","profiler","skeletal-animation","spine","tiled-map","tween","ui","video","webview"],"engineVersion":"3.5.1","platform":"NATIVE","md5Map":[],"engineName":"src/cocos-js","useCache":true,"targets":"chrome 80","entry":"/Applications/CocosCreator/Creator/3.5.1/CocosCreator.app/Contents/Resources/resources/3d/engine"}
6-27-2022 20:54-debug: 构建引擎√20%
6-27-2022 20:54-debug: 构建自动图集 start27%
6-27-2022 20:54-debug:  √27%
6-27-2022 20:54-log: // ---- 构建自动图集 ----
6-27-2022 20:54-debug: Process: heapTotal 277.50MB heapUsed 217.66MB rss 624.90MB
6-27-2022 20:54-debug: 构建自动图集 √33%
6-27-2022 20:54-debug: builder.tasks.build_img 字段未在编辑器多语言内定义
6-27-2022 20:54-debug: builder.tasks.build_img start33%
6-27-2022 20:54-log: // ---- builder.tasks.build_img ----
6-27-2022 20:54-debug: Process: heapTotal 277.50MB heapUsed 217.68MB rss 624.90MB
6-27-2022 20:54-debug: builder.tasks.build_img √40%
6-27-2022 20:54-debug: 将资源拷贝到指定位置 start40%
6-27-2022 20:54-log: // ---- 将资源拷贝到指定位置 ----
6-27-2022 20:54-debug: Process: heapTotal 277.50MB heapUsed 217.69MB rss 624.90MB
6-27-2022 20:54-debug: Asset Bundle(main) handle assets: 3
6-27-2022 20:54-debug: Asset Bundle(common) handle assets: 1
6-27-2022 20:54-debug: Asset Bundle(hall) handle assets: 1
6-27-2022 20:54-debug: 将资源拷贝到指定位置 √47%
6-27-2022 20:54-debug: builder.tasks.build_json 字段未在编辑器多语言内定义
6-27-2022 20:54-debug: builder.tasks.build_json start47%
6-27-2022 20:54-log: // ---- builder.tasks.build_json ----
6-27-2022 20:54-debug: Process: heapTotal 277.50MB heapUsed 217.75MB rss 624.91MB
6-27-2022 20:54-debug: Json group(0755bd872) compile success，json number: 6
6-27-2022 20:54-debug: builder.tasks.build_json √53%
6-27-2022 20:54-debug: 压缩 Zip Bundle start53%
6-27-2022 20:54-log: // ---- 压缩 Zip Bundle ----
6-27-2022 20:54-debug: Process: heapTotal 277.50MB heapUsed 218.49MB rss 624.95MB
6-27-2022 20:54-debug: 压缩 Zip Bundle √60%
6-27-2022 20:54-debug: native:(onAfterBuildAssets) start...60%
6-27-2022 20:54-debug: Process: heapTotal 277.50MB heapUsed 218.50MB rss 624.95MB
6-27-2022 20:54-debug: // ---- native:(onAfterBuildAssets) ----
6-27-2022 20:54-log: [plugin New]: running ...
6-27-2022 20:54-log: update settings.properties
6-27-2022 20:54-log: AndroidAPI level 33
6-27-2022 20:54-log: update gradle.properties
6-27-2022 20:54-log: android instant not configured
6-27-2022 20:54-debug: native:(onAfterBuildAssets)63%
6-27-2022 20:54-debug: 给所有的资源加上 MD5 后缀 start63%
6-27-2022 20:54-debug: // ---- native:(onAfterBuildAssets) success ----
6-27-2022 20:54-debug: generateCMakeConfig, {"CC_USE_GLES3":"set(CC_USE_GLES3 ON)","CC_USE_GLES2":"set(CC_USE_GLES2 ON)","USE_SERVER_MODE":"set(USE_SERVER_MODE OFF)","NET_MODE":"set(NET_MODE 0)","XXTEAKEY":"","CC_ENABLE_SWAPPY":"set(CC_ENABLE_SWAPPY OFF)","APP_NAME":"set(APP_NAME SY)","COCOS_X_PATH":"set(COCOS_X_PATH \"/Applications/CocosCreator/Creator/3.5.1/CocosCreator.app/Contents/Resources/resources/3d/engine/native\")","USE_JOB_SYSTEM_TASKFLOW":"set(USE_JOB_SYSTEM_TASKFLOW OFF)","USE_JOB_SYSTEM_TBB":"set(USE_JOB_SYSTEM_TBB OFF)","CC_USE_VULKAN":"set(CC_USE_VULKAN OFF)","USE_PHYSICS_PHYSX":"set(USE_PHYSICS_PHYSX OFF)","USE_AUDIO":"set(USE_AUDIO ON)","USE_VIDEO":"set(USE_VIDEO ON)","USE_WEBVIEW":"set(USE_WEBVIEW ON)","USE_SPINE":"set(USE_SPINE ON)","USE_DRAGONBONES":"set(USE_DRAGONBONES ON)"}
6-27-2022 20:54-log:   [plugin New]: done!
6-27-2022 20:54-log: // ---- 给所有的资源加上 MD5 后缀 ----
6-27-2022 20:54-debug: Process: heapTotal 277.50MB heapUsed 219.27MB rss 624.95MB
6-27-2022 20:54-debug: 给所有的资源加上 MD5 后缀 √73%
6-27-2022 20:54-log: // ---- 初始化 settings.json 与 config.json ----
6-27-2022 20:54-debug: 初始化 settings.json 与 config.json start73%
6-27-2022 20:54-debug: tasks.settings.macro start73%
6-27-2022 20:54-log: // ---- tasks.settings.macro ----
6-27-2022 20:54-debug: Process: heapTotal 277.50MB heapUsed 219.30MB rss 624.95MB
6-27-2022 20:54-debug: Process: heapTotal 277.50MB heapUsed 219.28MB rss 624.95MB
6-27-2022 20:54-debug: 初始化 settings.json 与 config.json √73%
6-27-2022 20:54-debug: tasks.settings.macro 字段未在编辑器多语言内定义
6-27-2022 20:54-debug: 使用缓存 settings.json start74%
6-27-2022 20:54-debug: tasks.settings.macro √74%
6-27-2022 20:54-log: // ---- 使用缓存 settings.json ----
6-27-2022 20:54-debug: Process: heapTotal 277.50MB heapUsed 219.35MB rss 624.95MB
6-27-2022 20:54-debug: 使用缓存 settings.json √74%
6-27-2022 20:54-log: // ---- custom joint texture layouts ----
6-27-2022 20:54-debug: custom joint texture layouts start74%
6-27-2022 20:54-debug: Process: heapTotal 277.50MB heapUsed 219.40MB rss 624.95MB
6-27-2022 20:54-debug: custom joint texture layouts √75%
6-27-2022 20:54-debug: custom joint physics start75%
6-27-2022 20:54-log: // ---- custom joint physics ----
6-27-2022 20:54-debug: Process: heapTotal 277.50MB heapUsed 219.43MB rss 624.95MB
6-27-2022 20:54-debug: custom joint physics √75%
6-27-2022 20:54-debug: 填充脚本数据到 settings.json start75%
6-27-2022 20:54-debug: Process: heapTotal 277.50MB heapUsed 219.44MB rss 624.95MB
6-27-2022 20:54-debug: 填充脚本数据到 settings.json √76%
6-27-2022 20:54-debug: Process: heapTotal 277.50MB heapUsed 219.45MB rss 624.95MB
6-27-2022 20:54-debug: 填充场景数据到 settings.json √76%
6-27-2022 20:54-debug: 整理资源分组，生成 packedAssets 以及 rawAssets 数据 start76%
6-27-2022 20:54-log: // ---- 整理资源分组，生成 packedAssets 以及 rawAssets 数据 ----
6-27-2022 20:54-debug: Process: heapTotal 277.50MB heapUsed 219.46MB rss 624.95MB
6-27-2022 20:54-debug: 整理资源分组，生成 packedAssets 以及 rawAssets 数据 √77%
6-27-2022 20:54-debug: 从 suffixMap 生成 md5AssetsMap 到 settings.json start77%
6-27-2022 20:54-log: // ---- 从 suffixMap 生成 md5AssetsMap 到 settings.json ----
6-27-2022 20:54-debug: Process: heapTotal 277.50MB heapUsed 219.48MB rss 624.95MB
6-27-2022 20:54-debug: options.md5Cache is false.
6-27-2022 20:54-debug: 从 suffixMap 生成 md5AssetsMap 到 settings.json √77%
6-27-2022 20:54-debug: cocos-service:(onBeforeCompressSettings) start...77%
6-27-2022 20:54-debug: // ---- cocos-service:(onBeforeCompressSettings) ----
6-27-2022 20:54-debug: Process: heapTotal 277.50MB heapUsed 219.51MB rss 624.95MB
6-27-2022 20:54-log: // ---- 填充脚本数据到 settings.json ----
6-27-2022 20:54-debug: 填充场景数据到 settings.json start76%
6-27-2022 20:54-log: // ---- 填充场景数据到 settings.json ----
6-27-2022 20:54-debug: // ---- cocos-service:(onBeforeCompressSettings) success ----
6-27-2022 20:54-debug: Process: heapTotal 277.50MB heapUsed 219.60MB rss 624.95MB
6-27-2022 20:54-debug:  start80%
6-27-2022 20:54-log: // ----  ----
6-27-2022 20:54-debug: cocos-service:(onBeforeCompressSettings)80%
6-27-2022 20:54-debug:  √81%
6-27-2022 20:54-debug: 压缩 config.json 与 settings.json start81%
6-27-2022 20:54-log: // ---- 压缩 config.json 与 settings.json ----
6-27-2022 20:54-debug: Process: heapTotal 277.50MB heapUsed 219.62MB rss 624.95MB
6-27-2022 20:54-debug: 压缩 config.json 与 settings.json √82%
6-27-2022 20:54-debug: 保存 config.json start82%
6-27-2022 20:54-log: // ---- 保存 config.json ----
6-27-2022 20:54-debug: Process: heapTotal 277.50MB heapUsed 219.64MB rss 624.95MB
6-27-2022 20:54-debug: 保存 config.json √83%
6-27-2022 20:54-debug: 保存 settings.json start83%
6-27-2022 20:54-log: // ---- 保存 settings.json ----
6-27-2022 20:54-debug: Process: heapTotal 277.50MB heapUsed 219.66MB rss 624.95MB
6-27-2022 20:54-debug: 保存 settings.json √84%
6-27-2022 20:54-debug: 整理静态模板文件 start84%
6-27-2022 20:54-debug: Process: heapTotal 277.50MB heapUsed 219.77MB rss 624.95MB
6-27-2022 20:54-log: // ---- 整理静态模板文件 ----
6-27-2022 20:54-debug: 整理静态模板文件 √85%
6-27-2022 20:54-debug: cocos-service:(onAfterCompressSettings) start...85%
6-27-2022 20:54-debug: // ---- cocos-service:(onAfterCompressSettings) ----
6-27-2022 20:54-debug: Process: heapTotal 277.50MB heapUsed 222.08MB rss 624.95MB
6-27-2022 20:54-debug: // ---- cocos-service:(onAfterCompressSettings) success ----
6-27-2022 20:54-debug: cocos-service:(onAfterCompressSettings)87%
6-27-2022 20:54-debug: native:(onAfterBuild) start...87%
6-27-2022 20:54-debug: // ---- native:(onAfterBuild) ----
6-27-2022 20:54-debug: Process: heapTotal 277.50MB heapUsed 222.23MB rss 624.95MB
6-27-2022 20:54-log: [plugin Generate]: running ...
6-27-2022 20:54-debug: native:(onAfterBuild)90%
6-27-2022 20:54-debug: cocos-service:(onAfterBuild) start...90%
6-27-2022 20:54-debug: // ---- cocos-service:(onAfterBuild) ----
6-27-2022 20:54-debug: Process: heapTotal 277.50MB heapUsed 222.49MB rss 624.95MB
6-27-2022 20:54-debug: // ---- native:(onAfterBuild) success ----
6-27-2022 20:54-log: generate android
6-27-2022 20:54-log:   [plugin Generate]: done!
6-27-2022 20:54-debug: // ---- cocos-service:(onAfterBuild) success ----
6-27-2022 20:54-debug: cocos-service:(onAfterBuild)93%
6-27-2022 20:54-debug: hot-update:(onAfterBuild) start...93%
6-27-2022 20:54-debug: // ---- hot-update:(onAfterBuild) ----
6-27-2022 20:54-debug: Process: heapTotal 277.50MB heapUsed 222.54MB rss 624.95MB
6-27-2022 20:54-debug: // ---- hot-update:(onAfterBuild) success ----
6-27-2022 20:54-debug: // ---- hot-update-local-ip:(onAfterBuild) ----
6-27-2022 20:54-debug: hot-update:(onAfterBuild)95%
6-27-2022 20:54-debug: hot-update-local-ip:(onAfterBuild) start...95%
6-27-2022 20:54-debug: Process: heapTotal 277.50MB heapUsed 222.55MB rss 624.95MB
6-27-2022 20:54-debug: build success in 7990 ms!
6-27-2022 20:54-debug: // ---- hot-update-local-ip:(onAfterBuild) success ----
6-27-2022 20:54-debug: hot-update-local-ip:(onAfterBuild)98%
6-27-2022 20:54-warn: node version_generator.js -v 1.0.0 -u http://192.168.68.116:7879/ -s /Users/yamiwang/cowboy/build/android/data -d /Users/yamiwang/cowboy/assets
