debug: Mon, 27 Jun 2022 12:09:35 GMT
debug: Project: /Users/yamiwang/cowboy
debug: Targets: editor,preview
debug: Incremental file seems great.
debug: Engine path: /Applications/CocosCreator/Creator/3.5.1/CocosCreator.app/Contents/Resources/resources/3d/engine
debug: Initializing target [Editor]
debug: Loading cache
debug: Loading cache costs 2.7504899501800537ms.
debug: Engine features shipped in editor: base,gfx-webgl,gfx-webgl2,3d,animation,skeletal-animation,2d,ui,particle,particle-2d,physics-framework,physics-2d-framework,intersection-2d,primitive,profiler,audio,video,terrain,webview,tween,tiled-map,spine,dragon-bones,marionette
debug: Initializing target [Preview]
debug: Loading cache
debug: Loading cache costs 1.9769389629364014ms.
debug: Sync engine features: 2d,animation,audio,base,dragon-bones,gfx-webgl,gfx-webgl2,intersection-2d,marionette,particle-2d,physics-2d-box2d,profiler,skeletal-animation,spine,tiled-map,tween,ui,video,webview
debug: Pulling asset-db.
debug: Fetch asset-db cost: 13.360680937767029ms.
debug: Build iteration starts.
Number of accumulated asset changes: 10
Feature changed: false
debug: Target(editor) build started.
debug: Detected change: cce:/internal/x/cc. Last mtime: Thu Jan 01 1970 08:00:16 GMT+0800 (Philippine Standard Time), Current mtime: Thu Jan 01 1970 08:00:13 GMT+0800 (Philippine Standard Time)
debug: Inspect cce:/internal/x/cc
debug: Resolve cce:/internal/x/cc-fu/base from cce:/internal/x/cc as external dependency cce:/internal/x/cc-fu/base.
debug: Resolve cce:/internal/x/cc-fu/gfx-webgl from cce:/internal/x/cc as external dependency cce:/internal/x/cc-fu/gfx-webgl.
debug: Resolve cce:/internal/x/cc-fu/gfx-webgl2 from cce:/internal/x/cc as external dependency cce:/internal/x/cc-fu/gfx-webgl2.
debug: Resolve cce:/internal/x/cc-fu/3d from cce:/internal/x/cc as external dependency cce:/internal/x/cc-fu/3d.
debug: Resolve cce:/internal/x/cc-fu/animation from cce:/internal/x/cc as external dependency cce:/internal/x/cc-fu/animation.
debug: Resolve cce:/internal/x/cc-fu/skeletal-animation from cce:/internal/x/cc as external dependency cce:/internal/x/cc-fu/skeletal-animation.
debug: Resolve cce:/internal/x/cc-fu/2d from cce:/internal/x/cc as external dependency cce:/internal/x/cc-fu/2d.
debug: Resolve cce:/internal/x/cc-fu/ui from cce:/internal/x/cc as external dependency cce:/internal/x/cc-fu/ui.
debug: Resolve cce:/internal/x/cc-fu/particle from cce:/internal/x/cc as external dependency cce:/internal/x/cc-fu/particle.
debug: Resolve cce:/internal/x/cc-fu/particle-2d from cce:/internal/x/cc as external dependency cce:/internal/x/cc-fu/particle-2d.
debug: Resolve cce:/internal/x/cc-fu/physics-framework from cce:/internal/x/cc as external dependency cce:/internal/x/cc-fu/physics-framework.
debug: Resolve cce:/internal/x/cc-fu/physics-2d-framework from cce:/internal/x/cc as external dependency cce:/internal/x/cc-fu/physics-2d-framework.
debug: Resolve cce:/internal/x/cc-fu/intersection-2d from cce:/internal/x/cc as external dependency cce:/internal/x/cc-fu/intersection-2d.
debug: Resolve cce:/internal/x/cc-fu/primitive from cce:/internal/x/cc as external dependency cce:/internal/x/cc-fu/primitive.
debug: Resolve cce:/internal/x/cc-fu/profiler from cce:/internal/x/cc as external dependency cce:/internal/x/cc-fu/profiler.
debug: Resolve cce:/internal/x/cc-fu/audio from cce:/internal/x/cc as external dependency cce:/internal/x/cc-fu/audio.
debug: Resolve cce:/internal/x/cc-fu/video from cce:/internal/x/cc as external dependency cce:/internal/x/cc-fu/video.
debug: Resolve cce:/internal/x/cc-fu/terrain from cce:/internal/x/cc as external dependency cce:/internal/x/cc-fu/terrain.
debug: Resolve cce:/internal/x/cc-fu/webview from cce:/internal/x/cc as external dependency cce:/internal/x/cc-fu/webview.
debug: Resolve cce:/internal/x/cc-fu/tween from cce:/internal/x/cc as external dependency cce:/internal/x/cc-fu/tween.
debug: Resolve cce:/internal/x/cc-fu/tiled-map from cce:/internal/x/cc as external dependency cce:/internal/x/cc-fu/tiled-map.
debug: Resolve cce:/internal/x/cc-fu/spine from cce:/internal/x/cc as external dependency cce:/internal/x/cc-fu/spine.
debug: Resolve cce:/internal/x/cc-fu/dragon-bones from cce:/internal/x/cc as external dependency cce:/internal/x/cc-fu/dragon-bones.
debug: Detected change: cce:/internal/x/prerequisite-imports. Last mtime: Thu Jan 01 1970 11:35:00 GMT+0800 (Philippine Standard Time), Current mtime: Thu Jan 01 1970 08:00:13 GMT+0800 (Philippine Standard Time)
debug: Inspect cce:/internal/x/prerequisite-imports
debug: Create cjs interop url for 'file:///Users/yamiwang/cowboy/assets/plugin/protobufcowboy.js'
debug: Resolve file:///Users/yamiwang/cowboy/assets/plugin/protobufcowboy.js from cce:/internal/x/prerequisite-imports as file:///Users/yamiwang/cowboy/assets/plugin/protobufcowboy.mjs?cjs=&original=.js.
debug: Detected change: cce:/internal/code-quality/cr.mjs. Last mtime: Mon Jun 27 2022 16:05:45 GMT+0800 (Philippine Standard Time), Current mtime: Mon Jun 27 2022 20:09:22 GMT+0800 (Philippine Standard Time)
debug: Inspect cce:/internal/code-quality/cr.mjs
debug: Detected change: cce:/internal/ml/cjs-loader.mjs. Last mtime: Mon Jun 27 2022 16:05:45 GMT+0800 (Philippine Standard Time), Current mtime: Mon Jun 27 2022 20:09:22 GMT+0800 (Philippine Standard Time)
debug: Inspect cce:/internal/ml/cjs-loader.mjs
debug: Resolve file:///Users/yamiwang/cowboy/assets/scripts/HotUpdate.ts from cce:/internal/x/prerequisite-imports as file:///Users/yamiwang/cowboy/assets/scripts/HotUpdate.ts.
debug: Detected change: file:///Users/yamiwang/cowboy/assets/scripts/HotUpdate.ts. Last mtime: Mon Jun 27 2022 19:40:42 GMT+0800 (Philippine Standard Time)@29e61f73-c2ca-49b8-a736-669bfeea7bb6, Current mtime: Mon Jun 27 2022 19:52:00 GMT+0800 (Philippine Standard Time)@29e61f73-c2ca-49b8-a736-669bfeea7bb6
debug: Inspect file:///Users/yamiwang/cowboy/assets/scripts/HotUpdate.ts
debug: Resolve cc from file:///Users/yamiwang/cowboy/assets/scripts/HotUpdate.ts as cce:/internal/x/cc.
debug: Resolve cc from file:///Users/yamiwang/cowboy/assets/scripts/HotUpdate.ts as cce:/internal/x/cc.
debug: Resolve file:///Users/yamiwang/cowboy/assets/scripts/Start.ts from cce:/internal/x/prerequisite-imports as file:///Users/yamiwang/cowboy/assets/scripts/Start.ts.
debug: Resolve file:///Users/yamiwang/cowboy/assets/scripts/StartData.ts from cce:/internal/x/prerequisite-imports as file:///Users/yamiwang/cowboy/assets/scripts/StartData.ts.
debug: Resolve file:///Users/yamiwang/cowboy/assets/scripts/base/BaseUI.ts from cce:/internal/x/prerequisite-imports as file:///Users/yamiwang/cowboy/assets/scripts/base/BaseUI.ts.
debug: Resolve file:///Users/yamiwang/cowboy/assets/scripts/base/DataNotify.ts from cce:/internal/x/prerequisite-imports as file:///Users/yamiwang/cowboy/assets/scripts/base/DataNotify.ts.
debug: Resolve file:///Users/yamiwang/cowboy/assets/scripts/base/ResMgr.ts from cce:/internal/x/prerequisite-imports as file:///Users/yamiwang/cowboy/assets/scripts/base/ResMgr.ts.
debug: Resolve file:///Users/yamiwang/cowboy/assets/scripts/base/UIMgr.ts from cce:/internal/x/prerequisite-imports as file:///Users/yamiwang/cowboy/assets/scripts/base/UIMgr.ts.
debug: Resolve file:///Users/yamiwang/cowboy/assets/scripts/network/Network.ts from cce:/internal/x/prerequisite-imports as file:///Users/yamiwang/cowboy/assets/scripts/network/Network.ts.
debug: Create cjs interop url for 'file:///Users/yamiwang/cowboy/assets/plugin/protobufcowboy.js'
debug: Target(editor) ends with cost 434.4045600891113ms.
debug: Target(preview) build started.
debug: Detected change: cce:/internal/x/cc. Last mtime: Thu Jan 01 1970 08:00:16 GMT+0800 (Philippine Standard Time), Current mtime: Thu Jan 01 1970 08:00:13 GMT+0800 (Philippine Standard Time)
debug: Inspect cce:/internal/x/cc
debug: Resolve cce:/internal/x/cc-fu/2d from cce:/internal/x/cc as external dependency cce:/internal/x/cc-fu/2d.
debug: Resolve cce:/internal/x/cc-fu/animation from cce:/internal/x/cc as external dependency cce:/internal/x/cc-fu/animation.
debug: Resolve cce:/internal/x/cc-fu/audio from cce:/internal/x/cc as external dependency cce:/internal/x/cc-fu/audio.
debug: Resolve cce:/internal/x/cc-fu/base from cce:/internal/x/cc as external dependency cce:/internal/x/cc-fu/base.
debug: Resolve cce:/internal/x/cc-fu/dragon-bones from cce:/internal/x/cc as external dependency cce:/internal/x/cc-fu/dragon-bones.
debug: Resolve cce:/internal/x/cc-fu/gfx-webgl from cce:/internal/x/cc as external dependency cce:/internal/x/cc-fu/gfx-webgl.
debug: Resolve cce:/internal/x/cc-fu/gfx-webgl2 from cce:/internal/x/cc as external dependency cce:/internal/x/cc-fu/gfx-webgl2.
debug: Resolve cce:/internal/x/cc-fu/intersection-2d from cce:/internal/x/cc as external dependency cce:/internal/x/cc-fu/intersection-2d.
debug: Resolve cce:/internal/x/cc-fu/particle-2d from cce:/internal/x/cc as external dependency cce:/internal/x/cc-fu/particle-2d.
debug: Resolve cce:/internal/x/cc-fu/physics-2d-box2d from cce:/internal/x/cc as external dependency cce:/internal/x/cc-fu/physics-2d-box2d.
debug: Resolve cce:/internal/x/cc-fu/physics-2d-framework from cce:/internal/x/cc as external dependency cce:/internal/x/cc-fu/physics-2d-framework.
debug: Resolve cce:/internal/x/cc-fu/profiler from cce:/internal/x/cc as external dependency cce:/internal/x/cc-fu/profiler.
debug: Resolve cce:/internal/x/cc-fu/skeletal-animation from cce:/internal/x/cc as external dependency cce:/internal/x/cc-fu/skeletal-animation.
debug: Resolve cce:/internal/x/cc-fu/spine from cce:/internal/x/cc as external dependency cce:/internal/x/cc-fu/spine.
debug: Resolve cce:/internal/x/cc-fu/tiled-map from cce:/internal/x/cc as external dependency cce:/internal/x/cc-fu/tiled-map.
debug: Resolve cce:/internal/x/cc-fu/tween from cce:/internal/x/cc as external dependency cce:/internal/x/cc-fu/tween.
debug: Resolve cce:/internal/x/cc-fu/ui from cce:/internal/x/cc as external dependency cce:/internal/x/cc-fu/ui.
debug: Resolve cce:/internal/x/cc-fu/video from cce:/internal/x/cc as external dependency cce:/internal/x/cc-fu/video.
debug: Resolve cce:/internal/x/cc-fu/webview from cce:/internal/x/cc as external dependency cce:/internal/x/cc-fu/webview.
debug: Detected change: cce:/internal/x/prerequisite-imports. Last mtime: Thu Jan 01 1970 11:35:00 GMT+0800 (Philippine Standard Time), Current mtime: Thu Jan 01 1970 08:00:13 GMT+0800 (Philippine Standard Time)
debug: Inspect cce:/internal/x/prerequisite-imports
debug: Create cjs interop url for 'file:///Users/yamiwang/cowboy/assets/plugin/protobufcowboy.js'
debug: Resolve file:///Users/yamiwang/cowboy/assets/plugin/protobufcowboy.js from cce:/internal/x/prerequisite-imports as file:///Users/yamiwang/cowboy/assets/plugin/protobufcowboy.mjs?cjs=&original=.js.
debug: Detected change: cce:/internal/code-quality/cr.mjs. Last mtime: Mon Jun 27 2022 16:05:45 GMT+0800 (Philippine Standard Time), Current mtime: Mon Jun 27 2022 20:09:22 GMT+0800 (Philippine Standard Time)
debug: Inspect cce:/internal/code-quality/cr.mjs
debug: Detected change: cce:/internal/ml/cjs-loader.mjs. Last mtime: Mon Jun 27 2022 16:05:45 GMT+0800 (Philippine Standard Time), Current mtime: Mon Jun 27 2022 20:09:22 GMT+0800 (Philippine Standard Time)
debug: Inspect cce:/internal/ml/cjs-loader.mjs
debug: Resolve file:///Users/yamiwang/cowboy/assets/scripts/HotUpdate.ts from cce:/internal/x/prerequisite-imports as file:///Users/yamiwang/cowboy/assets/scripts/HotUpdate.ts.
debug: Detected change: file:///Users/yamiwang/cowboy/assets/scripts/HotUpdate.ts. Last mtime: Mon Jun 27 2022 19:40:42 GMT+0800 (Philippine Standard Time)@29e61f73-c2ca-49b8-a736-669bfeea7bb6, Current mtime: Mon Jun 27 2022 19:52:00 GMT+0800 (Philippine Standard Time)@29e61f73-c2ca-49b8-a736-669bfeea7bb6
debug: Inspect file:///Users/yamiwang/cowboy/assets/scripts/HotUpdate.ts
debug: Resolve cc from file:///Users/yamiwang/cowboy/assets/scripts/HotUpdate.ts as cce:/internal/x/cc.
debug: Resolve cc from file:///Users/yamiwang/cowboy/assets/scripts/HotUpdate.ts as cce:/internal/x/cc.
debug: Resolve file:///Users/yamiwang/cowboy/assets/scripts/Start.ts from cce:/internal/x/prerequisite-imports as file:///Users/yamiwang/cowboy/assets/scripts/Start.ts.
debug: Resolve file:///Users/yamiwang/cowboy/assets/scripts/StartData.ts from cce:/internal/x/prerequisite-imports as file:///Users/yamiwang/cowboy/assets/scripts/StartData.ts.
debug: Resolve file:///Users/yamiwang/cowboy/assets/scripts/base/BaseUI.ts from cce:/internal/x/prerequisite-imports as file:///Users/yamiwang/cowboy/assets/scripts/base/BaseUI.ts.
debug: Resolve file:///Users/yamiwang/cowboy/assets/scripts/base/DataNotify.ts from cce:/internal/x/prerequisite-imports as file:///Users/yamiwang/cowboy/assets/scripts/base/DataNotify.ts.
debug: Resolve file:///Users/yamiwang/cowboy/assets/scripts/base/ResMgr.ts from cce:/internal/x/prerequisite-imports as file:///Users/yamiwang/cowboy/assets/scripts/base/ResMgr.ts.
debug: Resolve file:///Users/yamiwang/cowboy/assets/scripts/base/UIMgr.ts from cce:/internal/x/prerequisite-imports as file:///Users/yamiwang/cowboy/assets/scripts/base/UIMgr.ts.
debug: Resolve file:///Users/yamiwang/cowboy/assets/scripts/network/Network.ts from cce:/internal/x/prerequisite-imports as file:///Users/yamiwang/cowboy/assets/scripts/network/Network.ts.
debug: Create cjs interop url for 'file:///Users/yamiwang/cowboy/assets/plugin/protobufcowboy.js'
debug: Target(preview) ends with cost 251.08104395866394ms.
debug: Dispatch build request for time accumulated 1 asset changes.
debug: Build iteration starts.
Number of accumulated asset changes: 1
Feature changed: false
debug: Target(editor) build started.
debug: Detected change: cce:/internal/x/prerequisite-imports. Last mtime: Thu Jan 01 1970 08:00:13 GMT+0800 (Philippine Standard Time), Current mtime: Thu Jan 01 1970 09:29:12 GMT+0800 (Philippine Standard Time)
debug: Inspect cce:/internal/x/prerequisite-imports
debug: Create cjs interop url for 'file:///Users/yamiwang/cowboy/assets/plugin/protobufcowboy.js'
debug: Resolve file:///Users/yamiwang/cowboy/assets/plugin/protobufcowboy.js from cce:/internal/x/prerequisite-imports as file:///Users/yamiwang/cowboy/assets/plugin/protobufcowboy.mjs?cjs=&original=.js.
debug: Resolve file:///Users/yamiwang/cowboy/assets/scripts/HotUpdate.ts from cce:/internal/x/prerequisite-imports as file:///Users/yamiwang/cowboy/assets/scripts/HotUpdate.ts.
debug: Detected change: file:///Users/yamiwang/cowboy/assets/scripts/HotUpdate.ts. Last mtime: Mon Jun 27 2022 19:52:00 GMT+0800 (Philippine Standard Time)@29e61f73-c2ca-49b8-a736-669bfeea7bb6, Current mtime: Mon Jun 27 2022 21:13:26 GMT+0800 (Philippine Standard Time)@29e61f73-c2ca-49b8-a736-669bfeea7bb6
debug: Inspect file:///Users/yamiwang/cowboy/assets/scripts/HotUpdate.ts
debug: Resolve cc from file:///Users/yamiwang/cowboy/assets/scripts/HotUpdate.ts as cce:/internal/x/cc.
debug: Resolve cc from file:///Users/yamiwang/cowboy/assets/scripts/HotUpdate.ts as cce:/internal/x/cc.
debug: Resolve file:///Users/yamiwang/cowboy/assets/scripts/Start.ts from cce:/internal/x/prerequisite-imports as file:///Users/yamiwang/cowboy/assets/scripts/Start.ts.
debug: Resolve file:///Users/yamiwang/cowboy/assets/scripts/StartData.ts from cce:/internal/x/prerequisite-imports as file:///Users/yamiwang/cowboy/assets/scripts/StartData.ts.
debug: Resolve file:///Users/yamiwang/cowboy/assets/scripts/base/BaseUI.ts from cce:/internal/x/prerequisite-imports as file:///Users/yamiwang/cowboy/assets/scripts/base/BaseUI.ts.
debug: Resolve file:///Users/yamiwang/cowboy/assets/scripts/base/DataNotify.ts from cce:/internal/x/prerequisite-imports as file:///Users/yamiwang/cowboy/assets/scripts/base/DataNotify.ts.
debug: Resolve file:///Users/yamiwang/cowboy/assets/scripts/base/ResMgr.ts from cce:/internal/x/prerequisite-imports as file:///Users/yamiwang/cowboy/assets/scripts/base/ResMgr.ts.
debug: Resolve file:///Users/yamiwang/cowboy/assets/scripts/base/UIMgr.ts from cce:/internal/x/prerequisite-imports as file:///Users/yamiwang/cowboy/assets/scripts/base/UIMgr.ts.
debug: Resolve file:///Users/yamiwang/cowboy/assets/scripts/network/Network.ts from cce:/internal/x/prerequisite-imports as file:///Users/yamiwang/cowboy/assets/scripts/network/Network.ts.
debug: Create cjs interop url for 'file:///Users/yamiwang/cowboy/assets/plugin/protobufcowboy.js'
debug: Target(editor) ends with cost 181.65118300914764ms.
debug: Target(preview) build started.
debug: Detected change: cce:/internal/x/prerequisite-imports. Last mtime: Thu Jan 01 1970 08:00:13 GMT+0800 (Philippine Standard Time), Current mtime: Thu Jan 01 1970 09:29:12 GMT+0800 (Philippine Standard Time)
debug: Inspect cce:/internal/x/prerequisite-imports
debug: Create cjs interop url for 'file:///Users/yamiwang/cowboy/assets/plugin/protobufcowboy.js'
debug: Resolve file:///Users/yamiwang/cowboy/assets/plugin/protobufcowboy.js from cce:/internal/x/prerequisite-imports as file:///Users/yamiwang/cowboy/assets/plugin/protobufcowboy.mjs?cjs=&original=.js.
debug: Resolve file:///Users/yamiwang/cowboy/assets/scripts/HotUpdate.ts from cce:/internal/x/prerequisite-imports as file:///Users/yamiwang/cowboy/assets/scripts/HotUpdate.ts.
debug: Detected change: file:///Users/yamiwang/cowboy/assets/scripts/HotUpdate.ts. Last mtime: Mon Jun 27 2022 19:52:00 GMT+0800 (Philippine Standard Time)@29e61f73-c2ca-49b8-a736-669bfeea7bb6, Current mtime: Mon Jun 27 2022 21:13:26 GMT+0800 (Philippine Standard Time)@29e61f73-c2ca-49b8-a736-669bfeea7bb6
debug: Inspect file:///Users/yamiwang/cowboy/assets/scripts/HotUpdate.ts
debug: Resolve cc from file:///Users/yamiwang/cowboy/assets/scripts/HotUpdate.ts as cce:/internal/x/cc.
debug: Resolve cc from file:///Users/yamiwang/cowboy/assets/scripts/HotUpdate.ts as cce:/internal/x/cc.
debug: Resolve file:///Users/yamiwang/cowboy/assets/scripts/Start.ts from cce:/internal/x/prerequisite-imports as file:///Users/yamiwang/cowboy/assets/scripts/Start.ts.
debug: Resolve file:///Users/yamiwang/cowboy/assets/scripts/StartData.ts from cce:/internal/x/prerequisite-imports as file:///Users/yamiwang/cowboy/assets/scripts/StartData.ts.
debug: Resolve file:///Users/yamiwang/cowboy/assets/scripts/base/BaseUI.ts from cce:/internal/x/prerequisite-imports as file:///Users/yamiwang/cowboy/assets/scripts/base/BaseUI.ts.
debug: Resolve file:///Users/yamiwang/cowboy/assets/scripts/base/DataNotify.ts from cce:/internal/x/prerequisite-imports as file:///Users/yamiwang/cowboy/assets/scripts/base/DataNotify.ts.
debug: Resolve file:///Users/yamiwang/cowboy/assets/scripts/base/ResMgr.ts from cce:/internal/x/prerequisite-imports as file:///Users/yamiwang/cowboy/assets/scripts/base/ResMgr.ts.
debug: Resolve file:///Users/yamiwang/cowboy/assets/scripts/base/UIMgr.ts from cce:/internal/x/prerequisite-imports as file:///Users/yamiwang/cowboy/assets/scripts/base/UIMgr.ts.
debug: Resolve file:///Users/yamiwang/cowboy/assets/scripts/network/Network.ts from cce:/internal/x/prerequisite-imports as file:///Users/yamiwang/cowboy/assets/scripts/network/Network.ts.
debug: Create cjs interop url for 'file:///Users/yamiwang/cowboy/assets/plugin/protobufcowboy.js'
debug: Target(preview) ends with cost 154.8157250881195ms.
